<?xml version="1.0" encoding="UTF-8"?>
<testsuite xmlns:xsi="http://www.w3.org/2001/XMLSchema-instance" xsi:noNamespaceSchemaLocation="https://maven.apache.org/surefire/maven-surefire-plugin/xsd/surefire-test-report-3.0.xsd" version="3.0" name="tutorial.Node_ESTest" time="0.031" tests="5" errors="0" skipped="0" failures="0">
  <properties>
[...]
</properties>
  <testcase name="test0" classname="tutorial.Node_ESTest" time="0.008"/>
  <testcase name="test1" classname="tutorial.Node_ESTest" time="0.004"/>
  <testcase name="test4" classname="tutorial.Node_ESTest" time="0.003"/>
  <testcase name="test2" classname="tutorial.Node_ESTest" time="0.003"/>
  <testcase name="test3" classname="tutorial.Node_ESTest" time="0.004"/>
</testsuite>